<?xml version="1.0" encoding="UTF-8"?>
<!-- Generated by org.testng.reporters.JUnitReportReporter -->
<testsuite hostname="jannatuls-MBP" failures="0" tests="1" name="com.Test.CreateAccountPageTest" time="0.000" errors="0" timestamp="2022-05-11T12:35:06 EDT" skipped="1">
  <testcase classname="com.Test.CreateAccountPageTest" name="register_A_New_User_Test" time="0.000">
    <skipped/>
  </testcase> <!-- register_A_New_User_Test -->
  <system-out/>
</testsuite> <!-- com.Test.CreateAccountPageTest -->
