<?xml version="1.0" encoding="UTF-8"?>
<!-- Generated by org.testng.reporters.JUnitReportReporter -->
<testsuite hostname="jannatuls-MBP" failures="0" tests="15" name="com.Test.HomePageTest" time="78.720" errors="0" timestamp="2022-05-11T20:35:16 EDT" skipped="0">
  <testcase classname="com.Test.HomePageTest" name="ClickOnRegistryButtonTest" time="5.623"/>
  <system-out/>
  <testcase classname="com.Test.HomePageTest" name="ClickOnWeeklyAdButtonTest" time="6.075"/>
  <system-out/>
  <testcase classname="com.Test.HomePageTest" name="ClickOnTargetCircleTest" time="5.578"/>
  <system-out/>
  <testcase classname="com.Test.HomePageTest" name="clearenceButtonTest" time="4.795"/>
  <system-out/>
  <testcase classname="com.Test.HomePageTest" name="ShopAllButton" time="7.107"/>
  <system-out/>
  <testcase classname="com.Test.HomePageTest" name="ClickOnDealsButton" time="4.266"/>
  <system-out/>
  <testcase classname="com.Test.HomePageTest" name="ClickOnRedCardButtonTest" time="6.149"/>
  <system-out/>
  <testcase classname="com.Test.HomePageTest" name="ClickOnWhatsNewButtonTest" time="5.831"/>
  <system-out/>
  <testcase classname="com.Test.HomePageTest" name="ClickOnFindStoreButtonTest" time="6.054"/>
  <system-out/>
  <testcase classname="com.Test.HomePageTest" name="SearchButtonTest" time="3.806"/>
  <system-out/>
  <testcase classname="com.Test.HomePageTest" name="ClickOnCategoriesButton" time="5.775"/>
  <system-out/>
  <testcase classname="com.Test.HomePageTest" name="MenueButton" time="3.639"/>
  <system-out/>
  <testcase classname="com.Test.HomePageTest" name="ShoppingcartTest" time="5.794"/>
  <system-out/>
  <testcase classname="com.Test.HomePageTest" name="privacyPolicyButtonTest" time="4.871"/>
  <system-out/>
  <testcase classname="com.Test.HomePageTest" name="pageTitleTest" time="3.357"/>
  <system-out/>
</testsuite> <!-- com.Test.HomePageTest -->
